11:58:22.064 [main] INFO  org.testng.internal.Utils - [TestNG] Running:
  D:\Maven Project\Opencart_project\grouping.xml

11:58:25.707 [main] INFO  testCases.TC002_LoginTest - *****starting the TC002_LoginTest*******
11:58:27.076 [main] INFO  testCases.TC002_LoginTest - *****Finished the TC002_LoginTest*******
14:47:54.650 [main] INFO  org.testng.internal.Utils - [TestNG] Running:
  D:\Maven Project\Opencart_project\grouping.xml

14:48:01.681 [main] INFO  testCases.TC001_AccountRegistrationTest - Validating expected message....
14:48:04.948 [main] INFO  testCases.TC002_LoginTest - *****starting the TC002_LoginTest*******
14:48:06.352 [main] INFO  testCases.TC002_LoginTest - *****Finished the TC002_LoginTest*******
14:51:58.504 [main] INFO  org.testng.internal.Utils - [TestNG] Running:
  D:\Maven Project\Opencart_project\grouping.xml

14:52:03.970 [main] INFO  testCases.TC001_AccountRegistrationTest - Validating expected message....
14:52:07.083 [main] INFO  testCases.TC002_LoginTest - *****starting the TC002_LoginTest*******
15:10:53.164 [main] INFO  org.testng.internal.Utils - [TestNG] Running:
  D:\Maven Project\Opencart_project\master.xml

15:11:00.774 [main] INFO  testCases.TC003_LoginDDT - *****Starting the TC003_LoginDDT*******
15:11:03.361 [main] INFO  testCases.TC003_LoginDDT - *****Finished the TC003_LoginDDT*******
15:11:03.387 [main] INFO  testCases.TC003_LoginDDT - *****Starting the TC003_LoginDDT*******
15:11:05.455 [main] INFO  testCases.TC003_LoginDDT - *****Finished the TC003_LoginDDT*******
15:11:05.461 [main] INFO  testCases.TC003_LoginDDT - *****Starting the TC003_LoginDDT*******
15:11:07.283 [main] INFO  testCases.TC003_LoginDDT - *****Starting the TC003_LoginDDT*******
15:11:12.732 [main] INFO  testCases.TC003_LoginDDT - *****Finished the TC003_LoginDDT*******
15:11:12.735 [main] INFO  testCases.TC003_LoginDDT - *****Starting the TC003_LoginDDT*******
15:12:32.161 [main] INFO  org.testng.internal.Utils - [TestNG] Running:
  D:\Maven Project\Opencart_project\master.xml

15:12:35.894 [main] INFO  testCases.TC002_LoginTest - *****starting the TC002_LoginTest*******
15:15:55.544 [main] INFO  org.testng.internal.Utils - [TestNG] Running:
  D:\Maven Project\Opencart_project\master.xml

15:15:59.468 [main] INFO  testCases.TC002_LoginTest - *****starting the TC002_LoginTest*******
15:16:00.837 [main] INFO  testCases.TC002_LoginTest - *****Finished the TC002_LoginTest*******
15:21:19.384 [main] INFO  org.testng.internal.Utils - [TestNG] Running:
  D:\Maven Project\Opencart_project\test-output\testng-failed.xml

15:21:22.940 [main] INFO  testCases.TC002_LoginTest - *****starting the TC002_LoginTest*******
15:21:24.515 [main] INFO  testCases.TC002_LoginTest - *****Finished the TC002_LoginTest*******
15:31:24.785 [main] INFO  org.testng.internal.Utils - [TestNG] Running:
  D:\Maven Project\Opencart_project\master.xml

15:31:30.133 [main] INFO  testCases.TC001_AccountRegistrationTest - Validating expected message....
15:31:33.410 [main] INFO  testCases.TC002_LoginTest - *****starting the TC002_LoginTest*******
12:41:18.402 [main] INFO  org.testng.internal.Utils - [TestNG] Running:
  D:\Maven Project\Opencart_project\master.xml

12:41:28.777 [main] INFO  testCases.TC001_AccountRegistrationTest - Validating expected message....
13:01:37.413 [main] INFO  org.testng.internal.Utils - [TestNG] Running:
  D:\Maven Project\Opencart_project\master.xml

13:01:44.112 [main] INFO  testCases.TC001_AccountRegistrationTest - Validating expected message....
14:31:32.244 [main] INFO  org.testng.internal.Utils - [TestNG] Running:
  D:\Maven Project\Opencart_project\master.xml

14:31:40.085 [main] INFO  testCases.TC001_AccountRegistrationTest - Validating expected message....
13:00:38.365 [main] INFO  org.testng.internal.Utils - [TestNG] Running:
  D:\Maven Project\Opencart_project\master.xml

13:00:50.156 [main] INFO  org.testng.internal.Utils - [TestNG] Running:
  D:\Maven Project\Opencart_project\master.xml

13:02:03.734 [main] INFO  org.testng.internal.Utils - [TestNG] Running:
  D:\Maven Project\Opencart_project\master.xml

13:03:20.486 [main] INFO  org.testng.internal.Utils - [TestNG] Running:
  D:\Maven Project\Opencart_project\master.xml

13:03:57.109 [main] INFO  org.testng.internal.Utils - [TestNG] Running:
  D:\Maven Project\Opencart_project\master.xml

13:04:04.800 [main] INFO  testCases.TC001_AccountRegistrationTest - Validating expected message....
13:04:43.031 [main] INFO  org.testng.internal.Utils - [TestNG] Running:
  D:\Maven Project\Opencart_project\master.xml

13:04:48.947 [main] INFO  testCases.TC001_AccountRegistrationTest - Validating expected message....
13:05:25.698 [main] INFO  org.testng.internal.Utils - [TestNG] Running:
  D:\Maven Project\Opencart_project\master.xml

13:05:31.810 [main] INFO  testCases.TC001_AccountRegistrationTest - Validating expected message....
13:05:35.030 [main] INFO  testCases.TC002_LoginTest - *****starting the TC002_LoginTest*******
